  Demo.cpp
D:\Coding\Cpp\Day 12\Demo\Demo.cpp(48,1): warning C4326: return type of 'main' should be 'int' instead of 'void'
D:\Coding\Cpp\Day 12\Demo\Demo.cpp(45,7): error C2679: binary '<<': no operator found which takes a right-hand operand of type 'MyClass' (or there is no acceptable conversion)
  C:\Program Files\Microsoft Visual Studio\2022\Community\VC\Tools\MSVC\14.39.33519\include\ostream(480,39):
  could be 'std::basic_ostream<char,std::char_traits<char>> &std::basic_ostream<char,std::char_traits<char>>::operator <<(std::basic_streambuf<char,std::char_traits<char>> *)'
  	D:\Coding\Cpp\Day 12\Demo\Demo.cpp(45,7):
  	'std::basic_ostream<char,std::char_traits<char>> &std::basic_ostream<char,std::char_traits<char>>::operator <<(std::basic_streambuf<char,std::char_traits<char>> *)': cannot convert argument 2 from 'MyClass' to 'std::basic_streambuf<char,std::char_traits<char>> *'
  		D:\Coding\Cpp\Day 12\Demo\Demo.cpp(45,20):
  		No user-defined-conversion operator available that can perform this conversion, or the operator cannot be called
  C:\Program Files\Microsoft Visual Studio\2022\Community\VC\Tools\MSVC\14.39.33519\include\ostream(448,39):
  or       'std::basic_ostream<char,std::char_traits<char>> &std::basic_ostream<char,std::char_traits<char>>::operator <<(const void *)'
  	D:\Coding\Cpp\Day 12\Demo\Demo.cpp(45,7):
  	'std::basic_ostream<char,std::char_traits<char>> &std::basic_ostream<char,std::char_traits<char>>::operator <<(const void *)': cannot convert argument 2 from 'MyClass' to 'const void *'
  		D:\Coding\Cpp\Day 12\Demo\Demo.cpp(45,20):
  		No user-defined-conversion operator available that can perform this conversion, or the operator cannot be called
  C:\Program Files\Microsoft Visual Studio\2022\Community\VC\Tools\MSVC\14.39.33519\include\ostream(430,39):
  or       'std::basic_ostream<char,std::char_traits<char>> &std::basic_ostream<char,std::char_traits<char>>::operator <<(long double)'
  	D:\Coding\Cpp\Day 12\Demo\Demo.cpp(45,7):
  	'std::basic_ostream<char,std::char_traits<char>> &std::basic_ostream<char,std::char_traits<char>>::operator <<(long double)': cannot convert argument 2 from 'MyClass' to 'long double'
  		D:\Coding\Cpp\Day 12\Demo\Demo.cpp(45,20):
  		No user-defined-conversion operator available that can perform this conversion, or the operator cannot be called
  C:\Program Files\Microsoft Visual Studio\2022\Community\VC\Tools\MSVC\14.39.33519\include\ostream(412,39):
  or       'std::basic_ostream<char,std::char_traits<char>> &std::basic_ostream<char,std::char_traits<char>>::operator <<(double)'
  	D:\Coding\Cpp\Day 12\Demo\Demo.cpp(45,7):
  	'std::basic_ostream<char,std::char_traits<char>> &std::basic_ostream<char,std::char_traits<char>>::operator <<(double)': cannot convert argument 2 from 'MyClass' to 'double'
  		D:\Coding\Cpp\Day 12\Demo\Demo.cpp(45,20):
  		No user-defined-conversion operator available that can perform this conversion, or the operator cannot be called
  C:\Program Files\Microsoft Visual Studio\2022\Community\VC\Tools\MSVC\14.39.33519\include\ostream(394,39):
  or       'std::basic_ostream<char,std::char_traits<char>> &std::basic_ostream<char,std::char_traits<char>>::operator <<(float)'
  	D:\Coding\Cpp\Day 12\Demo\Demo.cpp(45,7):
  	'std::basic_ostream<char,std::char_traits<char>> &std::basic_ostream<char,std::char_traits<char>>::operator <<(float)': cannot convert argument 2 from 'MyClass' to 'float'
  		D:\Coding\Cpp\Day 12\Demo\Demo.cpp(45,20):
  		No user-defined-conversion operator available that can perform this conversion, or the operator cannot be called
  C:\Program Files\Microsoft Visual Studio\2022\Community\VC\Tools\MSVC\14.39.33519\include\ostream(376,39):
  or       'std::basic_ostream<char,std::char_traits<char>> &std::basic_ostream<char,std::char_traits<char>>::operator <<(unsigned __int64)'
  	D:\Coding\Cpp\Day 12\Demo\Demo.cpp(45,7):
  	'std::basic_ostream<char,std::char_traits<char>> &std::basic_ostream<char,std::char_traits<char>>::operator <<(unsigned __int64)': cannot convert argument 2 from 'MyClass' to 'unsigned __int64'
  		D:\Coding\Cpp\Day 12\Demo\Demo.cpp(45,20):
  		No user-defined-conversion operator available that can perform this conversion, or the operator cannot be called
  C:\Program Files\Microsoft Visual Studio\2022\Community\VC\Tools\MSVC\14.39.33519\include\ostream(358,39):
  or       'std::basic_ostream<char,std::char_traits<char>> &std::basic_ostream<char,std::char_traits<char>>::operator <<(__int64)'
  	D:\Coding\Cpp\Day 12\Demo\Demo.cpp(45,7):
  	'std::basic_ostream<char,std::char_traits<char>> &std::basic_ostream<char,std::char_traits<char>>::operator <<(__int64)': cannot convert argument 2 from 'MyClass' to '__int64'
  		D:\Coding\Cpp\Day 12\Demo\Demo.cpp(45,20):
  		No user-defined-conversion operator available that can perform this conversion, or the operator cannot be called
  C:\Program Files\Microsoft Visual Studio\2022\Community\VC\Tools\MSVC\14.39.33519\include\ostream(340,39):
  or       'std::basic_ostream<char,std::char_traits<char>> &std::basic_ostream<char,std::char_traits<char>>::operator <<(unsigned long)'
  	D:\Coding\Cpp\Day 12\Demo\Demo.cpp(45,7):
  	'std::basic_ostream<char,std::char_traits<char>> &std::basic_ostream<char,std::char_traits<char>>::operator <<(unsigned long)': cannot convert argument 2 from 'MyClass' to 'unsigned long'
  		D:\Coding\Cpp\Day 12\Demo\Demo.cpp(45,20):
  		No user-defined-conversion operator available that can perform this conversion, or the operator cannot be called
  C:\Program Files\Microsoft Visual Studio\2022\Community\VC\Tools\MSVC\14.39.33519\include\ostream(322,39):
  or       'std::basic_ostream<char,std::char_traits<char>> &std::basic_ostream<char,std::char_traits<char>>::operator <<(long)'
  	D:\Coding\Cpp\Day 12\Demo\Demo.cpp(45,7):
  	'std::basic_ostream<char,std::char_traits<char>> &std::basic_ostream<char,std::char_traits<char>>::operator <<(long)': cannot convert argument 2 from 'MyClass' to 'long'
  		D:\Coding\Cpp\Day 12\Demo\Demo.cpp(45,20):
  		No user-defined-conversion operator available that can perform this conversion, or the operator cannot be called
  C:\Program Files\Microsoft Visual Studio\2022\Community\VC\Tools\MSVC\14.39.33519\include\ostream(303,39):
  or       'std::basic_ostream<char,std::char_traits<char>> &std::basic_ostream<char,std::char_traits<char>>::operator <<(unsigned int)'
  	D:\Coding\Cpp\Day 12\Demo\Demo.cpp(45,7):
  	'std::basic_ostream<char,std::char_traits<char>> &std::basic_ostream<char,std::char_traits<char>>::operator <<(unsigned int)': cannot convert argument 2 from 'MyClass' to 'unsigned int'
  		D:\Coding\Cpp\Day 12\Demo\Demo.cpp(45,20):
  		No user-defined-conversion operator available that can perform this conversion, or the operator cannot be called
  C:\Program Files\Microsoft Visual Studio\2022\Community\VC\Tools\MSVC\14.39.33519\include\ostream(277,39):
  or       'std::basic_ostream<char,std::char_traits<char>> &std::basic_ostream<char,std::char_traits<char>>::operator <<(int)'
  	D:\Coding\Cpp\Day 12\Demo\Demo.cpp(45,7):
  	'std::basic_ostream<char,std::char_traits<char>> &std::basic_ostream<char,std::char_traits<char>>::operator <<(int)': cannot convert argument 2 from 'MyClass' to 'int'
  		D:\Coding\Cpp\Day 12\Demo\Demo.cpp(45,20):
  		No user-defined-conversion operator available that can perform this conversion, or the operator cannot be called
  C:\Program Files\Microsoft Visual Studio\2022\Community\VC\Tools\MSVC\14.39.33519\include\ostream(258,39):
  or       'std::basic_ostream<char,std::char_traits<char>> &std::basic_ostream<char,std::char_traits<char>>::operator <<(unsigned short)'
  	D:\Coding\Cpp\Day 12\Demo\Demo.cpp(45,7):
  	'std::basic_ostream<char,std::char_traits<char>> &std::basic_ostream<char,std::char_traits<char>>::operator <<(unsigned short)': cannot convert argument 2 from 'MyClass' to 'unsigned short'
  		D:\Coding\Cpp\Day 12\Demo\Demo.cpp(45,20):
  		No user-defined-conversion operator available that can perform this conversion, or the operator cannot be called
  C:\Program Files\Microsoft Visual Studio\2022\Community\VC\Tools\MSVC\14.39.33519\include\ostream(224,39):
  or       'std::basic_ostream<char,std::char_traits<char>> &std::basic_ostream<char,std::char_traits<char>>::operator <<(short)'
  	D:\Coding\Cpp\Day 12\Demo\Demo.cpp(45,7):
  	'std::basic_ostream<char,std::char_traits<char>> &std::basic_ostream<char,std::char_traits<char>>::operator <<(short)': cannot convert argument 2 from 'MyClass' to 'short'
  		D:\Coding\Cpp\Day 12\Demo\Demo.cpp(45,20):
  		No user-defined-conversion operator available that can perform this conversion, or the operator cannot be called
  C:\Program Files\Microsoft Visual Studio\2022\Community\VC\Tools\MSVC\14.39.33519\include\ostream(206,39):
  or       'std::basic_ostream<char,std::char_traits<char>> &std::basic_ostream<char,std::char_traits<char>>::operator <<(bool)'
  	D:\Coding\Cpp\Day 12\Demo\Demo.cpp(45,7):
  	'std::basic_ostream<char,std::char_traits<char>> &std::basic_ostream<char,std::char_traits<char>>::operator <<(bool)': cannot convert argument 2 from 'MyClass' to 'bool'
  		D:\Coding\Cpp\Day 12\Demo\Demo.cpp(45,20):
  		No user-defined-conversion operator available that can perform this conversion, or the operator cannot be called
  C:\Program Files\Microsoft Visual Studio\2022\Community\VC\Tools\MSVC\14.39.33519\include\ostream(200,39):
  or       'std::basic_ostream<char,std::char_traits<char>> &std::basic_ostream<char,std::char_traits<char>>::operator <<(std::ios_base &(__cdecl *)(std::ios_base &))'
  	D:\Coding\Cpp\Day 12\Demo\Demo.cpp(45,7):
  	'std::basic_ostream<char,std::char_traits<char>> &std::basic_ostream<char,std::char_traits<char>>::operator <<(std::ios_base &(__cdecl *)(std::ios_base &))': cannot convert argument 2 from 'MyClass' to 'std::ios_base &(__cdecl *)(std::ios_base &)'
  		D:\Coding\Cpp\Day 12\Demo\Demo.cpp(45,20):
  		No user-defined-conversion operator available that can perform this conversion, or the operator cannot be called
  C:\Program Files\Microsoft Visual Studio\2022\Community\VC\Tools\MSVC\14.39.33519\include\ostream(194,39):
  or       'std::basic_ostream<char,std::char_traits<char>> &std::basic_ostream<char,std::char_traits<char>>::operator <<(std::basic_ios<char,std::char_traits<char>> &(__cdecl *)(std::basic_ios<char,std::char_traits<char>> &))'
  	D:\Coding\Cpp\Day 12\Demo\Demo.cpp(45,7):
  	'std::basic_ostream<char,std::char_traits<char>> &std::basic_ostream<char,std::char_traits<char>>::operator <<(std::basic_ios<char,std::char_traits<char>> &(__cdecl *)(std::basic_ios<char,std::char_traits<char>> &))': cannot convert argument 2 from 'MyClass' to 'std::basic_ios<char,std::char_traits<char>> &(__cdecl *)(std::basic_ios<char,std::char_traits<char>> &)'
  		D:\Coding\Cpp\Day 12\Demo\Demo.cpp(45,20):
  		No user-defined-conversion operator available that can perform this conversion, or the operator cannot be called
  C:\Program Files\Microsoft Visual Studio\2022\Community\VC\Tools\MSVC\14.39.33519\include\ostream(189,39):
  or       'std::basic_ostream<char,std::char_traits<char>> &std::basic_ostream<char,std::char_traits<char>>::operator <<(std::basic_ostream<char,std::char_traits<char>> &(__cdecl *)(std::basic_ostream<char,std::char_traits<char>> &))'
  	D:\Coding\Cpp\Day 12\Demo\Demo.cpp(45,7):
  	'std::basic_ostream<char,std::char_traits<char>> &std::basic_ostream<char,std::char_traits<char>>::operator <<(std::basic_ostream<char,std::char_traits<char>> &(__cdecl *)(std::basic_ostream<char,std::char_traits<char>> &))': cannot convert argument 2 from 'MyClass' to 'std::basic_ostream<char,std::char_traits<char>> &(__cdecl *)(std::basic_ostream<char,std::char_traits<char>> &)'
  		D:\Coding\Cpp\Day 12\Demo\Demo.cpp(45,20):
  		No user-defined-conversion operator available that can perform this conversion, or the operator cannot be called
  D:\Coding\Cpp\Day 12\Demo\Demo.cpp(35,10):
  or       'std::ostream &operator <<(std::ostream &,MyClass &)'
  	D:\Coding\Cpp\Day 12\Demo\Demo.cpp(45,7):
  	'std::ostream &operator <<(std::ostream &,MyClass &)': cannot convert argument 2 from 'MyClass' to 'MyClass &'
  		D:\Coding\Cpp\Day 12\Demo\Demo.cpp(45,20):
  		A non-const reference may only be bound to an lvalue
  C:\Program Files\Microsoft Visual Studio\2022\Community\VC\Tools\MSVC\14.39.33519\include\ostream(1080,32):
  or       'std::basic_ostream<_Elem,_Traits> &std::operator <<(std::basic_ostream<_Elem,_Traits> &,const std::error_code &)'
  	D:\Coding\Cpp\Day 12\Demo\Demo.cpp(45,20):
  	'initializing': cannot convert from 'MyClass' to 'const std::error_code &'
  		D:\Coding\Cpp\Day 12\Demo\Demo.cpp(45,20):
  		Reason: cannot convert from 'MyClass' to 'const std::error_code'
  		D:\Coding\Cpp\Day 12\Demo\Demo.cpp(45,20):
  		No user-defined-conversion operator available that can perform this conversion, or the operator cannot be called
  C:\Program Files\Microsoft Visual Studio\2022\Community\VC\Tools\MSVC\14.39.33519\include\ostream(1003,9):
  or       '_Ostr &&std::operator <<(_Ostr &&,const _Ty &)'
  	D:\Coding\Cpp\Day 12\Demo\Demo.cpp(45,7):
  	'_Ostr &&std::operator <<(_Ostr &&,const _Ty &)': could not deduce template argument for '__formal'
  		C:\Program Files\Microsoft Visual Studio\2022\Community\VC\Tools\MSVC\14.39.33519\include\ostream(1002,103):
  		'<template-parameter>': you cannot create a pointer to a reference
  C:\Program Files\Microsoft Visual Studio\2022\Community\VC\Tools\MSVC\14.39.33519\include\ostream(945,31):
  or       'std::basic_ostream<char,_Traits> &std::operator <<(std::basic_ostream<char,_Traits> &,unsigned char)'
  	D:\Coding\Cpp\Day 12\Demo\Demo.cpp(45,20):
  	'initializing': cannot convert from 'MyClass' to 'unsigned char'
  		D:\Coding\Cpp\Day 12\Demo\Demo.cpp(45,20):
  		No user-defined-conversion operator available that can perform this conversion, or the operator cannot be called
  C:\Program Files\Microsoft Visual Studio\2022\Community\VC\Tools\MSVC\14.39.33519\include\ostream(939,31):
  or       'std::basic_ostream<char,_Traits> &std::operator <<(std::basic_ostream<char,_Traits> &,const unsigned char *)'
  	D:\Coding\Cpp\Day 12\Demo\Demo.cpp(45,20):
  	'initializing': cannot convert from 'MyClass' to 'const unsigned char *'
  		D:\Coding\Cpp\Day 12\Demo\Demo.cpp(45,20):
  		No user-defined-conversion operator available that can perform this conversion, or the operator cannot be called
  C:\Program Files\Microsoft Visual Studio\2022\Community\VC\Tools\MSVC\14.39.33519\include\ostream(934,31):
  or       'std::basic_ostream<char,_Traits> &std::operator <<(std::basic_ostream<char,_Traits> &,signed char)'
  	D:\Coding\Cpp\Day 12\Demo\Demo.cpp(45,20):
  	'initializing': cannot convert from 'MyClass' to 'signed char'
  		D:\Coding\Cpp\Day 12\Demo\Demo.cpp(45,20):
  		No user-defined-conversion operator available that can perform this conversion, or the operator cannot be called
  C:\Program Files\Microsoft Visual Studio\2022\Community\VC\Tools\MSVC\14.39.33519\include\ostream(928,31):
  or       'std::basic_ostream<char,_Traits> &std::operator <<(std::basic_ostream<char,_Traits> &,const signed char *)'
  	D:\Coding\Cpp\Day 12\Demo\Demo.cpp(45,20):
  	'initializing': cannot convert from 'MyClass' to 'const signed char *'
  		D:\Coding\Cpp\Day 12\Demo\Demo.cpp(45,20):
  		No user-defined-conversion operator available that can perform this conversion, or the operator cannot be called
  C:\Program Files\Microsoft Visual Studio\2022\Community\VC\Tools\MSVC\14.39.33519\include\ostream(892,32):
  or       'std::basic_ostream<_Elem,_Traits> &std::operator <<(std::basic_ostream<_Elem,_Traits> &,_Elem)'
  	D:\Coding\Cpp\Day 12\Demo\Demo.cpp(45,7):
  	'std::basic_ostream<_Elem,_Traits> &std::operator <<(std::basic_ostream<_Elem,_Traits> &,_Elem)': template parameter '_Elem' is ambiguous
  		D:\Coding\Cpp\Day 12\Demo\Demo.cpp(45,7):
  		could be 'MyClass'
  		D:\Coding\Cpp\Day 12\Demo\Demo.cpp(45,7):
  		or       'char'
  	D:\Coding\Cpp\Day 12\Demo\Demo.cpp(45,7):
  	'std::basic_ostream<_Elem,_Traits> &std::operator <<(std::basic_ostream<_Elem,_Traits> &,_Elem)': could not deduce template argument for '_Elem' from 'MyClass'
  C:\Program Files\Microsoft Visual Studio\2022\Community\VC\Tools\MSVC\14.39.33519\include\ostream(849,32):
  or       'std::basic_ostream<_Elem,_Traits> &std::operator <<(std::basic_ostream<_Elem,_Traits> &,const _Elem *)'
  	D:\Coding\Cpp\Day 12\Demo\Demo.cpp(45,7):
  	'std::basic_ostream<_Elem,_Traits> &std::operator <<(std::basic_ostream<_Elem,_Traits> &,const _Elem *)': could not deduce template argument for 'const _Elem *' from 'MyClass'
  C:\Program Files\Microsoft Visual Studio\2022\Community\VC\Tools\MSVC\14.39.33519\include\ostream(811,31):
  or       'std::basic_ostream<char,_Traits> &std::operator <<(std::basic_ostream<char,_Traits> &,char)'
  	D:\Coding\Cpp\Day 12\Demo\Demo.cpp(45,20):
  	'initializing': cannot convert from 'MyClass' to 'char'
  		D:\Coding\Cpp\Day 12\Demo\Demo.cpp(45,20):
  		No user-defined-conversion operator available that can perform this conversion, or the operator cannot be called
  C:\Program Files\Microsoft Visual Studio\2022\Community\VC\Tools\MSVC\14.39.33519\include\ostream(766,31):
  or       'std::basic_ostream<char,_Traits> &std::operator <<(std::basic_ostream<char,_Traits> &,const char *)'
  	D:\Coding\Cpp\Day 12\Demo\Demo.cpp(45,20):
  	'initializing': cannot convert from 'MyClass' to 'const char *'
  		D:\Coding\Cpp\Day 12\Demo\Demo.cpp(45,20):
  		No user-defined-conversion operator available that can perform this conversion, or the operator cannot be called
  C:\Program Files\Microsoft Visual Studio\2022\Community\VC\Tools\MSVC\14.39.33519\include\ostream(730,32):
  or       'std::basic_ostream<_Elem,_Traits> &std::operator <<(std::basic_ostream<_Elem,_Traits> &,char)'
  	D:\Coding\Cpp\Day 12\Demo\Demo.cpp(45,20):
  	'initializing': cannot convert from 'MyClass' to 'char'
  		D:\Coding\Cpp\Day 12\Demo\Demo.cpp(45,20):
  		No user-defined-conversion operator available that can perform this conversion, or the operator cannot be called
  C:\Program Files\Microsoft Visual Studio\2022\Community\VC\Tools\MSVC\14.39.33519\include\ostream(686,32):
  or       'std::basic_ostream<_Elem,_Traits> &std::operator <<(std::basic_ostream<_Elem,_Traits> &,const char *)'
  	D:\Coding\Cpp\Day 12\Demo\Demo.cpp(45,20):
  	'initializing': cannot convert from 'MyClass' to 'const char *'
  		D:\Coding\Cpp\Day 12\Demo\Demo.cpp(45,20):
  		No user-defined-conversion operator available that can perform this conversion, or the operator cannot be called
  C:\Program Files\Microsoft Visual Studio\2022\Community\VC\Tools\MSVC\14.39.33519\include\memory(3598,32):
  or       'std::basic_ostream<_Elem,_Traits> &std::operator <<(std::basic_ostream<_Elem,_Traits> &,const std::unique_ptr<_Ty2,_Dx2> &)'
  	D:\Coding\Cpp\Day 12\Demo\Demo.cpp(45,7):
  	'std::basic_ostream<_Elem,_Traits> &std::operator <<(std::basic_ostream<_Elem,_Traits> &,const std::unique_ptr<_Ty2,_Dx2> &)': could not deduce template argument for 'const std::unique_ptr<_Ty2,_Dx2> &' from 'MyClass'
  C:\Program Files\Microsoft Visual Studio\2022\Community\VC\Tools\MSVC\14.39.33519\include\memory(1946,32):
  or       'std::basic_ostream<_Elem,_Traits> &std::operator <<(std::basic_ostream<_Elem,_Traits> &,const std::shared_ptr<_Ty> &)'
  	D:\Coding\Cpp\Day 12\Demo\Demo.cpp(45,7):
  	'std::basic_ostream<_Elem,_Traits> &std::operator <<(std::basic_ostream<_Elem,_Traits> &,const std::shared_ptr<_Ty> &)': could not deduce template argument for 'const std::shared_ptr<_Ty> &' from 'MyClass'
  C:\Program Files\Microsoft Visual Studio\2022\Community\VC\Tools\MSVC\14.39.33519\include\xstring(5228,32):
  or       'std::basic_ostream<_Elem,_Traits> &std::operator <<(std::basic_ostream<_Elem,_Traits> &,const std::basic_string<_Elem,_Traits,_Alloc> &)'
  	D:\Coding\Cpp\Day 12\Demo\Demo.cpp(45,7):
  	'std::basic_ostream<_Elem,_Traits> &std::operator <<(std::basic_ostream<_Elem,_Traits> &,const std::basic_string<_Elem,_Traits,_Alloc> &)': could not deduce template argument for 'const std::basic_string<_Elem,_Traits,_Alloc> &' from 'MyClass'
  D:\Coding\Cpp\Day 12\Demo\Demo.cpp(45,7):
  while trying to match the argument list '(std::basic_ostream<char,std::char_traits<char>>, MyClass)'
  D:\Coding\Cpp\Day 12\Demo\Demo.cpp(45,7):
  the template instantiation context (the oldest one first) is
  	D:\Coding\Cpp\Day 12\Demo\Demo.cpp(55,2):
  	see reference to function template instantiation 'void add<MyClass,int>(type1,type2)' being compiled
          with
          [
              type1=MyClass,
              type2=int
          ]
  
